0 info it worked if it ends with ok
1 verbose cli [ 'node', '/usr/local/bin/npm', 'install', 'boostrap-3.2.0-dist' ]
2 info using npm@1.4.21
3 info using node@v0.10.30
4 warn package.json node@0.0.0 No description
5 warn package.json node@0.0.0 No repository field.
6 warn package.json node@0.0.0 No README data
7 verbose cache add [ 'boostrap-3.2.0-dist', null ]
8 verbose cache add name=undefined spec="boostrap-3.2.0-dist" args=["boostrap-3.2.0-dist",null]
9 verbose parsed url { protocol: null,
9 verbose parsed url   slashes: null,
9 verbose parsed url   auth: null,
9 verbose parsed url   host: null,
9 verbose parsed url   port: null,
9 verbose parsed url   hostname: null,
9 verbose parsed url   hash: null,
9 verbose parsed url   search: null,
9 verbose parsed url   query: null,
9 verbose parsed url   pathname: 'boostrap-3.2.0-dist',
9 verbose parsed url   path: 'boostrap-3.2.0-dist',
9 verbose parsed url   href: 'boostrap-3.2.0-dist' }
10 silly lockFile 323ed74a-boostrap-3-2-0-dist boostrap-3.2.0-dist
11 verbose lock boostrap-3.2.0-dist /Users/maputibotlhole/.npm/323ed74a-boostrap-3-2-0-dist.lock
12 silly lockFile 323ed74a-boostrap-3-2-0-dist boostrap-3.2.0-dist
13 silly lockFile 323ed74a-boostrap-3-2-0-dist boostrap-3.2.0-dist
14 verbose addNamed [ 'boostrap-3.2.0-dist', '' ]
15 verbose addNamed [ null, '*' ]
16 silly lockFile 46edd16d-boostrap-3-2-0-dist boostrap-3.2.0-dist@
17 verbose lock boostrap-3.2.0-dist@ /Users/maputibotlhole/.npm/46edd16d-boostrap-3-2-0-dist.lock
18 silly addNameRange { name: 'boostrap-3.2.0-dist', range: '*', hasData: false }
19 verbose request where is /boostrap-3.2.0-dist
20 verbose request registry https://registry.npmjs.org/
21 verbose request id 5b9a0016c83bd28c
22 verbose url raw /boostrap-3.2.0-dist
23 verbose url resolving [ 'https://registry.npmjs.org/', './boostrap-3.2.0-dist' ]
24 verbose url resolved https://registry.npmjs.org/boostrap-3.2.0-dist
25 verbose request where is https://registry.npmjs.org/boostrap-3.2.0-dist
26 info trying registry request attempt 1 at 10:32:19
27 http GET https://registry.npmjs.org/boostrap-3.2.0-dist
28 http 404 https://registry.npmjs.org/boostrap-3.2.0-dist
29 verbose headers { date: 'Tue, 19 Aug 2014 14:30:00 GMT',
29 verbose headers   server: 'CouchDB/1.5.0 (Erlang OTP/R16B03)',
29 verbose headers   'content-type': 'application/json',
29 verbose headers   'cache-control': 'max-age=0',
29 verbose headers   'content-length': '52',
29 verbose headers   'accept-ranges': 'bytes',
29 verbose headers   via: '1.1 varnish',
29 verbose headers   age: '0',
29 verbose headers   'x-served-by': 'cache-jfk1028-JFK',
29 verbose headers   'x-cache': 'MISS',
29 verbose headers   'x-cache-hits': '0',
29 verbose headers   'x-timer': 'S1408458600.403224,VS0,VE85',
29 verbose headers   'keep-alive': 'timeout=10, max=50',
29 verbose headers   connection: 'Keep-Alive' }
30 silly registry.get cb [ 404,
30 silly registry.get   { date: 'Tue, 19 Aug 2014 14:30:00 GMT',
30 silly registry.get     server: 'CouchDB/1.5.0 (Erlang OTP/R16B03)',
30 silly registry.get     'content-type': 'application/json',
30 silly registry.get     'cache-control': 'max-age=0',
30 silly registry.get     'content-length': '52',
30 silly registry.get     'accept-ranges': 'bytes',
30 silly registry.get     via: '1.1 varnish',
30 silly registry.get     age: '0',
30 silly registry.get     'x-served-by': 'cache-jfk1028-JFK',
30 silly registry.get     'x-cache': 'MISS',
30 silly registry.get     'x-cache-hits': '0',
30 silly registry.get     'x-timer': 'S1408458600.403224,VS0,VE85',
30 silly registry.get     'keep-alive': 'timeout=10, max=50',
30 silly registry.get     connection: 'Keep-Alive' } ]
31 silly lockFile 46edd16d-boostrap-3-2-0-dist boostrap-3.2.0-dist@
32 silly lockFile 46edd16d-boostrap-3-2-0-dist boostrap-3.2.0-dist@
33 error 404 404 Not Found: boostrap-3.2.0-dist
33 error 404
33 error 404 'boostrap-3.2.0-dist' is not in the npm registry.
33 error 404 You should bug the author to publish it
33 error 404
33 error 404 Note that you can also install from a
33 error 404 tarball, folder, or http url, or git url.
34 error System Darwin 10.8.0
35 error command "node" "/usr/local/bin/npm" "install" "boostrap-3.2.0-dist"
36 error cwd /Users/maputibotlhole/Documents/angularT
37 error node -v v0.10.30
38 error npm -v 1.4.21
39 error code E404
40 verbose exit [ 1, true ]
